<?xml version="1.0" encoding="UTF-8"?>
<!-- Generated by org.testng.reporters.JUnitXMLReporter -->
<testsuite ignored="0" hostname="DESKTOP-QI6H2EA" failures="0" tests="1" name="Test" time="0.103" errors="0" timestamp="2022-06-17T02:24:23 IST">
  <testcase classname="testPackage.TC_LoginPage" name="@BeforeClass setup" time="0.002">
    <failure type="java.lang.NullPointerException" message="Cannot invoke &amp;quot;com.aventstack.extentreports.ExtentTest.assignAuthor(String[])&amp;quot; because &amp;quot;this.logger&amp;quot; is null">
      <![CDATA[java.lang.NullPointerException: Cannot invoke "com.aventstack.extentreports.ExtentTest.assignAuthor(String[])" because "this.logger" is null
at testPackage.TC_LoginPage.setup(TC_LoginPage.java:56)
at java.base/java.util.ArrayList.forEach(ArrayList.java:1511)
... Removed 25 stack frames]]>
    </failure>
  </testcase> <!-- @BeforeClass setup -->
  <testcase classname="testPackage.TC_LoginPage" name="@BeforeMethod initClass" time="-1.655412863039E9">
    <skipped/>
  </testcase> <!-- @BeforeMethod initClass -->
  <testcase classname="testPackage.TC_LoginPage" name="@AfterMethod tearDown" time="-1.655412863057E9">
    <skipped/>
  </testcase> <!-- @AfterMethod tearDown -->
  <testcase classname="testPackage.TC_LoginPage" name="@AfterClass endTest" time="-1.655412863069E9">
    <skipped/>
  </testcase> <!-- @AfterClass endTest -->
  <testcase classname="testPackage.TC_LoginPage" name="validateLoginPage" time="0.0">
    <skipped/>
  </testcase> <!-- validateLoginPage -->
</testsuite> <!-- Test -->
