<?xml version="1.0" encoding="UTF-8"?>
<testng-results ignored="0" total="1" passed="1" failed="0" skipped="0">
  <reporter-output>
  </reporter-output>
  <suite started-at="2022-06-17T02:25:28 IST" name="Default suite" finished-at="2022-06-17T02:26:13 IST" duration-ms="45207">
    <groups>
    </groups>
    <test started-at="2022-06-17T02:25:28 IST" name="Default test" finished-at="2022-06-17T02:26:13 IST" duration-ms="45207">
      <class name="testPackage.TC_LoginPage">
        <test-method is-config="true" signature="setupSuite()[pri:0, instance:testPackage.TC_LoginPage@2145b572]" started-at="2022-06-17T02:25:27 IST" name="setupSuite" finished-at="2022-06-17T02:25:28 IST" duration-ms="467" status="PASS">
          <reporter-output>
          </reporter-output>
        </test-method> <!-- setupSuite -->
        <test-method is-config="true" signature="setup()[pri:0, instance:testPackage.TC_LoginPage@2145b572]" started-at="2022-06-17T02:25:28 IST" name="setup" finished-at="2022-06-17T02:25:42 IST" duration-ms="14043" status="PASS">
          <reporter-output>
          </reporter-output>
        </test-method> <!-- setup -->
        <test-method is-config="true" signature="initClass()[pri:0, instance:testPackage.TC_LoginPage@2145b572]" started-at="2022-06-17T02:25:42 IST" name="initClass" finished-at="2022-06-17T02:25:42 IST" duration-ms="73" status="PASS">
          <reporter-output>
          </reporter-output>
        </test-method> <!-- initClass -->
        <test-method signature="validateLoginPage()[pri:0, instance:testPackage.TC_LoginPage@2145b572]" started-at="2022-06-17T02:25:42 IST" name="validateLoginPage" finished-at="2022-06-17T02:26:07 IST" duration-ms="25582" status="PASS">
          <reporter-output>
          </reporter-output>
        </test-method> <!-- validateLoginPage -->
        <test-method is-config="true" signature="tearDown(org.testng.ITestResult)[pri:0, instance:testPackage.TC_LoginPage@2145b572]" started-at="2022-06-17T02:26:07 IST" name="tearDown" finished-at="2022-06-17T02:26:08 IST" duration-ms="480" status="PASS">
          <params>
            <param index="0">
              <value>
                <![CDATA[[TestResult name=validateLoginPage status=SUCCESS method=TC_LoginPage.validateLoginPage()[pri:0, instance:testPackage.TC_LoginPage@2145b572] output={null}]]]>
              </value>
            </param>
          </params>
          <reporter-output>
          </reporter-output>
        </test-method> <!-- tearDown -->
        <test-method is-config="true" signature="endTest()[pri:0, instance:testPackage.TC_LoginPage@2145b572]" started-at="2022-06-17T02:26:08 IST" name="endTest" finished-at="2022-06-17T02:26:13 IST" duration-ms="4960" status="PASS">
          <reporter-output>
          </reporter-output>
        </test-method> <!-- endTest -->
      </class> <!-- testPackage.TC_LoginPage -->
    </test> <!-- Default test -->
  </suite> <!-- Default suite -->
</testng-results>
